<?xml version="1.0" encoding="UTF-8"?>
<testsuite xmlns:xsi="http://www.w3.org/2001/XMLSchema-instance" xsi:noNamespaceSchemaLocation="https://maven.apache.org/surefire/maven-surefire-plugin/xsd/surefire-test-report-3.0.xsd" version="3.0" name="com.example.botexchangeproject.BotExchangeProjectApplicationTests" time="1.118" tests="1" errors="0" skipped="0" failures="0">
  <properties>
    <property name="java.specification.version" value="21"/>
    <property name="sun.jnu.encoding" value="UTF-8"/>
    <property name="java.class.path" value="/Users/christopher.crabbe2/Desktop/TheBotProject/BOT Exchange Project/Bot Exchange Project/target/test-classes:/Users/christopher.crabbe2/Desktop/TheBotProject/BOT Exchange Project/Bot Exchange Project/target/classes:/Users/christopher.crabbe2/.m2/repository/org/springframework/boot/spring-boot-starter-web/3.1.5/spring-boot-starter-web-3.1.5.jar:/Users/christopher.crabbe2/.m2/repository/org/springframework/boot/spring-boot-starter/3.1.5/spring-boot-starter-3.1.5.jar:/Users/christopher.crabbe2/.m2/repository/org/springframework/boot/spring-boot-starter-logging/3.1.5/spring-boot-starter-logging-3.1.5.jar:/Users/christopher.crabbe2/.m2/repository/ch/qos/logback/logback-classic/1.4.11/logback-classic-1.4.11.jar:/Users/christopher.crabbe2/.m2/repository/ch/qos/logback/logback-core/1.4.11/logback-core-1.4.11.jar:/Users/christopher.crabbe2/.m2/repository/org/apache/logging/log4j/log4j-to-slf4j/2.20.0/log4j-to-slf4j-2.20.0.jar:/Users/christopher.crabbe2/.m2/repository/org/apache/logging/log4j/log4j-api/2.20.0/log4j-api-2.20.0.jar:/Users/christopher.crabbe2/.m2/repository/org/slf4j/jul-to-slf4j/2.0.9/jul-to-slf4j-2.0.9.jar:/Users/christopher.crabbe2/.m2/repository/jakarta/annotation/jakarta.annotation-api/2.1.1/jakarta.annotation-api-2.1.1.jar:/Users/christopher.crabbe2/.m2/repository/org/yaml/snakeyaml/1.33/snakeyaml-1.33.jar:/Users/christopher.crabbe2/.m2/repository/org/springframework/boot/spring-boot-starter-json/3.1.5/spring-boot-starter-json-3.1.5.jar:/Users/christopher.crabbe2/.m2/repository/com/fasterxml/jackson/datatype/jackson-datatype-jdk8/2.15.3/jackson-datatype-jdk8-2.15.3.jar:/Users/christopher.crabbe2/.m2/repository/com/fasterxml/jackson/module/jackson-module-parameter-names/2.15.3/jackson-module-parameter-names-2.15.3.jar:/Users/christopher.crabbe2/.m2/repository/org/springframework/boot/spring-boot-starter-tomcat/3.1.5/spring-boot-starter-tomcat-3.1.5.jar:/Users/christopher.crabbe2/.m2/repository/org/apache/tomcat/embed/tomcat-embed-core/10.1.15/tomcat-embed-core-10.1.15.jar:/Users/christopher.crabbe2/.m2/repository/org/apache/tomcat/embed/tomcat-embed-el/10.1.15/tomcat-embed-el-10.1.15.jar:/Users/christopher.crabbe2/.m2/repository/org/apache/tomcat/embed/tomcat-embed-websocket/10.1.15/tomcat-embed-websocket-10.1.15.jar:/Users/christopher.crabbe2/.m2/repository/org/springframework/spring-web/6.0.13/spring-web-6.0.13.jar:/Users/christopher.crabbe2/.m2/repository/org/springframework/spring-beans/6.0.13/spring-beans-6.0.13.jar:/Users/christopher.crabbe2/.m2/repository/io/micrometer/micrometer-observation/1.11.5/micrometer-observation-1.11.5.jar:/Users/christopher.crabbe2/.m2/repository/io/micrometer/micrometer-commons/1.11.5/micrometer-commons-1.11.5.jar:/Users/christopher.crabbe2/.m2/repository/org/springframework/spring-webmvc/6.0.13/spring-webmvc-6.0.13.jar:/Users/christopher.crabbe2/.m2/repository/org/springframework/spring-aop/6.0.13/spring-aop-6.0.13.jar:/Users/christopher.crabbe2/.m2/repository/org/springframework/spring-context/6.0.13/spring-context-6.0.13.jar:/Users/christopher.crabbe2/.m2/repository/org/springframework/spring-expression/6.0.13/spring-expression-6.0.13.jar:/Users/christopher.crabbe2/.m2/repository/org/springframework/boot/spring-boot-starter-test/3.1.5/spring-boot-starter-test-3.1.5.jar:/Users/christopher.crabbe2/.m2/repository/org/springframework/boot/spring-boot-test/3.1.5/spring-boot-test-3.1.5.jar:/Users/christopher.crabbe2/.m2/repository/org/springframework/boot/spring-boot-test-autoconfigure/3.1.5/spring-boot-test-autoconfigure-3.1.5.jar:/Users/christopher.crabbe2/.m2/repository/com/jayway/jsonpath/json-path/2.8.0/json-path-2.8.0.jar:/Users/christopher.crabbe2/.m2/repository/jakarta/xml/bind/jakarta.xml.bind-api/4.0.1/jakarta.xml.bind-api-4.0.1.jar:/Users/christopher.crabbe2/.m2/repository/jakarta/activation/jakarta.activation-api/2.1.2/jakarta.activation-api-2.1.2.jar:/Users/christopher.crabbe2/.m2/repository/net/minidev/json-smart/2.4.11/json-smart-2.4.11.jar:/Users/christopher.crabbe2/.m2/repository/net/minidev/accessors-smart/2.4.11/accessors-smart-2.4.11.jar:/Users/christopher.crabbe2/.m2/repository/org/junit/jupiter/junit-jupiter/5.9.3/junit-jupiter-5.9.3.jar:/Users/christopher.crabbe2/.m2/repository/org/junit/jupiter/junit-jupiter-api/5.9.3/junit-jupiter-api-5.9.3.jar:/Users/christopher.crabbe2/.m2/repository/org/opentest4j/opentest4j/1.2.0/opentest4j-1.2.0.jar:/Users/christopher.crabbe2/.m2/repository/org/junit/platform/junit-platform-commons/1.9.3/junit-platform-commons-1.9.3.jar:/Users/christopher.crabbe2/.m2/repository/org/apiguardian/apiguardian-api/1.1.2/apiguardian-api-1.1.2.jar:/Users/christopher.crabbe2/.m2/repository/org/junit/jupiter/junit-jupiter-params/5.9.3/junit-jupiter-params-5.9.3.jar:/Users/christopher.crabbe2/.m2/repository/org/junit/jupiter/junit-jupiter-engine/5.9.3/junit-jupiter-engine-5.9.3.jar:/Users/christopher.crabbe2/.m2/repository/org/junit/platform/junit-platform-engine/1.9.3/junit-platform-engine-1.9.3.jar:/Users/christopher.crabbe2/.m2/repository/org/mockito/mockito-core/5.3.1/mockito-core-5.3.1.jar:/Users/christopher.crabbe2/.m2/repository/net/bytebuddy/byte-buddy-agent/1.14.9/byte-buddy-agent-1.14.9.jar:/Users/christopher.crabbe2/.m2/repository/org/objenesis/objenesis/3.3/objenesis-3.3.jar:/Users/christopher.crabbe2/.m2/repository/org/mockito/mockito-junit-jupiter/5.3.1/mockito-junit-jupiter-5.3.1.jar:/Users/christopher.crabbe2/.m2/repository/org/skyscreamer/jsonassert/1.5.1/jsonassert-1.5.1.jar:/Users/christopher.crabbe2/.m2/repository/com/vaadin/external/google/android-json/0.0.20131108.vaadin1/android-json-0.0.20131108.vaadin1.jar:/Users/christopher.crabbe2/.m2/repository/org/springframework/spring-core/6.0.13/spring-core-6.0.13.jar:/Users/christopher.crabbe2/.m2/repository/org/springframework/spring-jcl/6.0.13/spring-jcl-6.0.13.jar:/Users/christopher.crabbe2/.m2/repository/org/springframework/spring-test/6.0.13/spring-test-6.0.13.jar:/Users/christopher.crabbe2/.m2/repository/org/xmlunit/xmlunit-core/2.9.1/xmlunit-core-2.9.1.jar:/Users/christopher.crabbe2/.m2/repository/io/rest-assured/spring-mock-mvc/3.0.0/spring-mock-mvc-3.0.0.jar:/Users/christopher.crabbe2/.m2/repository/io/rest-assured/rest-assured/5.3.2/rest-assured-5.3.2.jar:/Users/christopher.crabbe2/.m2/repository/org/apache/groovy/groovy/4.0.15/groovy-4.0.15.jar:/Users/christopher.crabbe2/.m2/repository/org/apache/groovy/groovy-xml/4.0.15/groovy-xml-4.0.15.jar:/Users/christopher.crabbe2/.m2/repository/org/apache/httpcomponents/httpclient/4.5.13/httpclient-4.5.13.jar:/Users/christopher.crabbe2/.m2/repository/org/apache/httpcomponents/httpcore/4.4.16/httpcore-4.4.16.jar:/Users/christopher.crabbe2/.m2/repository/commons-logging/commons-logging/1.2/commons-logging-1.2.jar:/Users/christopher.crabbe2/.m2/repository/commons-codec/commons-codec/1.15/commons-codec-1.15.jar:/Users/christopher.crabbe2/.m2/repository/org/apache/httpcomponents/httpmime/4.5.13/httpmime-4.5.13.jar:/Users/christopher.crabbe2/.m2/repository/org/ccil/cowan/tagsoup/tagsoup/1.2.1/tagsoup-1.2.1.jar:/Users/christopher.crabbe2/.m2/repository/io/rest-assured/json-path/5.3.2/json-path-5.3.2.jar:/Users/christopher.crabbe2/.m2/repository/org/apache/groovy/groovy-json/4.0.15/groovy-json-4.0.15.jar:/Users/christopher.crabbe2/.m2/repository/io/rest-assured/rest-assured-common/5.3.2/rest-assured-common-5.3.2.jar:/Users/christopher.crabbe2/.m2/repository/io/rest-assured/xml-path/5.3.2/xml-path-5.3.2.jar:/Users/christopher.crabbe2/.m2/repository/org/wiremock/wiremock/3.3.1/wiremock-3.3.1.jar:/Users/christopher.crabbe2/.m2/repository/org/eclipse/jetty/jetty-server/11.0.17/jetty-server-11.0.17.jar:/Users/christopher.crabbe2/.m2/repository/org/eclipse/jetty/toolchain/jetty-jakarta-servlet-api/5.0.2/jetty-jakarta-servlet-api-5.0.2.jar:/Users/christopher.crabbe2/.m2/repository/org/eclipse/jetty/jetty-http/11.0.17/jetty-http-11.0.17.jar:/Users/christopher.crabbe2/.m2/repository/org/eclipse/jetty/jetty-io/11.0.17/jetty-io-11.0.17.jar:/Users/christopher.crabbe2/.m2/repository/org/eclipse/jetty/jetty-servlet/11.0.17/jetty-servlet-11.0.17.jar:/Users/christopher.crabbe2/.m2/repository/org/eclipse/jetty/jetty-security/11.0.17/jetty-security-11.0.17.jar:/Users/christopher.crabbe2/.m2/repository/org/eclipse/jetty/jetty-servlets/11.0.17/jetty-servlets-11.0.17.jar:/Users/christopher.crabbe2/.m2/repository/org/eclipse/jetty/jetty-util/11.0.17/jetty-util-11.0.17.jar:/Users/christopher.crabbe2/.m2/repository/org/eclipse/jetty/jetty-webapp/11.0.17/jetty-webapp-11.0.17.jar:/Users/christopher.crabbe2/.m2/repository/org/eclipse/jetty/jetty-xml/11.0.17/jetty-xml-11.0.17.jar:/Users/christopher.crabbe2/.m2/repository/org/eclipse/jetty/jetty-proxy/11.0.17/jetty-proxy-11.0.17.jar:/Users/christopher.crabbe2/.m2/repository/org/eclipse/jetty/jetty-client/11.0.17/jetty-client-11.0.17.jar:/Users/christopher.crabbe2/.m2/repository/org/eclipse/jetty/http2/http2-server/11.0.17/http2-server-11.0.17.jar:/Users/christopher.crabbe2/.m2/repository/org/eclipse/jetty/http2/http2-common/11.0.17/http2-common-11.0.17.jar:/Users/christopher.crabbe2/.m2/repository/org/eclipse/jetty/http2/http2-hpack/11.0.17/http2-hpack-11.0.17.jar:/Users/christopher.crabbe2/.m2/repository/org/eclipse/jetty/jetty-alpn-server/11.0.17/jetty-alpn-server-11.0.17.jar:/Users/christopher.crabbe2/.m2/repository/org/eclipse/jetty/jetty-alpn-java-server/11.0.17/jetty-alpn-java-server-11.0.17.jar:/Users/christopher.crabbe2/.m2/repository/org/eclipse/jetty/jetty-alpn-java-client/11.0.17/jetty-alpn-java-client-11.0.17.jar:/Users/christopher.crabbe2/.m2/repository/org/eclipse/jetty/jetty-alpn-client/11.0.17/jetty-alpn-client-11.0.17.jar:/Users/christopher.crabbe2/.m2/repository/com/google/guava/guava/32.1.3-jre/guava-32.1.3-jre.jar:/Users/christopher.crabbe2/.m2/repository/com/google/guava/failureaccess/1.0.1/failureaccess-1.0.1.jar:/Users/christopher.crabbe2/.m2/repository/com/google/guava/listenablefuture/9999.0-empty-to-avoid-conflict-with-guava/listenablefuture-9999.0-empty-to-avoid-conflict-with-guava.jar:/Users/christopher.crabbe2/.m2/repository/org/checkerframework/checker-qual/3.37.0/checker-qual-3.37.0.jar:/Users/christopher.crabbe2/.m2/repository/com/google/errorprone/error_prone_annotations/2.21.1/error_prone_annotations-2.21.1.jar:/Users/christopher.crabbe2/.m2/repository/com/google/j2objc/j2objc-annotations/2.8/j2objc-annotations-2.8.jar:/Users/christopher.crabbe2/.m2/repository/com/fasterxml/jackson/core/jackson-core/2.15.3/jackson-core-2.15.3.jar:/Users/christopher.crabbe2/.m2/repository/com/fasterxml/jackson/core/jackson-annotations/2.15.3/jackson-annotations-2.15.3.jar:/Users/christopher.crabbe2/.m2/repository/com/fasterxml/jackson/datatype/jackson-datatype-jsr310/2.15.3/jackson-datatype-jsr310-2.15.3.jar:/Users/christopher.crabbe2/.m2/repository/org/apache/httpcomponents/client5/httpclient5/5.2.1/httpclient5-5.2.1.jar:/Users/christopher.crabbe2/.m2/repository/org/apache/httpcomponents/core5/httpcore5/5.2.3/httpcore5-5.2.3.jar:/Users/christopher.crabbe2/.m2/repository/org/apache/httpcomponents/core5/httpcore5-h2/5.2.3/httpcore5-h2-5.2.3.jar:/Users/christopher.crabbe2/.m2/repository/org/xmlunit/xmlunit-legacy/2.9.1/xmlunit-legacy-2.9.1.jar:/Users/christopher.crabbe2/.m2/repository/org/xmlunit/xmlunit-placeholders/2.9.1/xmlunit-placeholders-2.9.1.jar:/Users/christopher.crabbe2/.m2/repository/net/javacrumbs/json-unit/json-unit-core/2.38.0/json-unit-core-2.38.0.jar:/Users/christopher.crabbe2/.m2/repository/org/hamcrest/hamcrest-core/2.2/hamcrest-core-2.2.jar:/Users/christopher.crabbe2/.m2/repository/org/ow2/asm/asm/9.6/asm-9.6.jar:/Users/christopher.crabbe2/.m2/repository/net/sf/jopt-simple/jopt-simple/5.0.4/jopt-simple-5.0.4.jar:/Users/christopher.crabbe2/.m2/repository/org/apache/commons/commons-lang3/3.12.0/commons-lang3-3.12.0.jar:/Users/christopher.crabbe2/.m2/repository/com/github/jknack/handlebars/4.3.1/handlebars-4.3.1.jar:/Users/christopher.crabbe2/.m2/repository/com/github/jknack/handlebars-helpers/4.3.1/handlebars-helpers-4.3.1.jar:/Users/christopher.crabbe2/.m2/repository/commons-fileupload/commons-fileupload/1.5/commons-fileupload-1.5.jar:/Users/christopher.crabbe2/.m2/repository/commons-io/commons-io/2.15.0/commons-io-2.15.0.jar:/Users/christopher.crabbe2/.m2/repository/com/networknt/json-schema-validator/1.0.87/json-schema-validator-1.0.87.jar:/Users/christopher.crabbe2/.m2/repository/com/ethlo/time/itu/1.7.0/itu-1.7.0.jar:/Users/christopher.crabbe2/.m2/repository/com/fasterxml/jackson/dataformat/jackson-dataformat-yaml/2.15.3/jackson-dataformat-yaml-2.15.3.jar:/Users/christopher.crabbe2/.m2/repository/org/slf4j/slf4j-api/2.0.9/slf4j-api-2.0.9.jar:/Users/christopher.crabbe2/.m2/repository/org/assertj/assertj-core/3.24.2/assertj-core-3.24.2.jar:/Users/christopher.crabbe2/.m2/repository/net/bytebuddy/byte-buddy/1.14.9/byte-buddy-1.14.9.jar:/Users/christopher.crabbe2/.m2/repository/org/springframework/boot/spring-boot-devtools/3.1.5/spring-boot-devtools-3.1.5.jar:/Users/christopher.crabbe2/.m2/repository/org/springframework/boot/spring-boot/3.1.5/spring-boot-3.1.5.jar:/Users/christopher.crabbe2/.m2/repository/org/springframework/boot/spring-boot-autoconfigure/3.1.5/spring-boot-autoconfigure-3.1.5.jar:/Users/christopher.crabbe2/.m2/repository/com/fasterxml/jackson/core/jackson-databind/2.16.0/jackson-databind-2.16.0.jar:/Users/christopher.crabbe2/.m2/repository/org/hamcrest/hamcrest/2.2/hamcrest-2.2.jar:/Users/christopher.crabbe2/.m2/repository/com/google/code/gson/gson/2.9.1/gson-2.9.1.jar:/Users/christopher.crabbe2/.m2/repository/org/springframework/boot/spring-boot-starter-thymeleaf/3.1.5/spring-boot-starter-thymeleaf-3.1.5.jar:/Users/christopher.crabbe2/.m2/repository/org/thymeleaf/thymeleaf-spring6/3.1.2.RELEASE/thymeleaf-spring6-3.1.2.RELEASE.jar:/Users/christopher.crabbe2/.m2/repository/org/thymeleaf/thymeleaf/3.1.2.RELEASE/thymeleaf-3.1.2.RELEASE.jar:/Users/christopher.crabbe2/.m2/repository/org/attoparser/attoparser/2.0.7.RELEASE/attoparser-2.0.7.RELEASE.jar:/Users/christopher.crabbe2/.m2/repository/org/unbescape/unbescape/1.1.6.RELEASE/unbescape-1.1.6.RELEASE.jar:"/>
    <property name="java.vm.vendor" value="Oracle Corporation"/>
    <property name="sun.arch.data.model" value="64"/>
    <property name="java.vendor.url" value="https://java.oracle.com/"/>
    <property name="user.timezone" value="Europe/London"/>
    <property name="os.name" value="Mac OS X"/>
    <property name="java.vm.specification.version" value="21"/>
    <property name="sun.java.launcher" value="SUN_STANDARD"/>
    <property name="user.country" value="GB"/>
    <property name="sun.boot.library.path" value="/Users/christopher.crabbe2/Library/Java/JavaVirtualMachines/openjdk-21.0.1/Contents/Home/lib"/>
    <property name="sun.java.command" value="/Users/christopher.crabbe2/Desktop/TheBotProject/BOT Exchange Project/Bot Exchange Project/target/surefire/surefirebooter-20240209094508661_3.jar /Users/christopher.crabbe2/Desktop/TheBotProject/BOT Exchange Project/Bot Exchange Project/target/surefire 2024-02-09T09-45-07_783-jvmRun1 surefire-20240209094508661_1tmp surefire_0-20240209094508661_2tmp"/>
    <property name="jdk.debug" value="release"/>
    <property name="surefire.test.class.path" value="/Users/christopher.crabbe2/Desktop/TheBotProject/BOT Exchange Project/Bot Exchange Project/target/test-classes:/Users/christopher.crabbe2/Desktop/TheBotProject/BOT Exchange Project/Bot Exchange Project/target/classes:/Users/christopher.crabbe2/.m2/repository/org/springframework/boot/spring-boot-starter-web/3.1.5/spring-boot-starter-web-3.1.5.jar:/Users/christopher.crabbe2/.m2/repository/org/springframework/boot/spring-boot-starter/3.1.5/spring-boot-starter-3.1.5.jar:/Users/christopher.crabbe2/.m2/repository/org/springframework/boot/spring-boot-starter-logging/3.1.5/spring-boot-starter-logging-3.1.5.jar:/Users/christopher.crabbe2/.m2/repository/ch/qos/logback/logback-classic/1.4.11/logback-classic-1.4.11.jar:/Users/christopher.crabbe2/.m2/repository/ch/qos/logback/logback-core/1.4.11/logback-core-1.4.11.jar:/Users/christopher.crabbe2/.m2/repository/org/apache/logging/log4j/log4j-to-slf4j/2.20.0/log4j-to-slf4j-2.20.0.jar:/Users/christopher.crabbe2/.m2/repository/org/apache/logging/log4j/log4j-api/2.20.0/log4j-api-2.20.0.jar:/Users/christopher.crabbe2/.m2/repository/org/slf4j/jul-to-slf4j/2.0.9/jul-to-slf4j-2.0.9.jar:/Users/christopher.crabbe2/.m2/repository/jakarta/annotation/jakarta.annotation-api/2.1.1/jakarta.annotation-api-2.1.1.jar:/Users/christopher.crabbe2/.m2/repository/org/yaml/snakeyaml/1.33/snakeyaml-1.33.jar:/Users/christopher.crabbe2/.m2/repository/org/springframework/boot/spring-boot-starter-json/3.1.5/spring-boot-starter-json-3.1.5.jar:/Users/christopher.crabbe2/.m2/repository/com/fasterxml/jackson/datatype/jackson-datatype-jdk8/2.15.3/jackson-datatype-jdk8-2.15.3.jar:/Users/christopher.crabbe2/.m2/repository/com/fasterxml/jackson/module/jackson-module-parameter-names/2.15.3/jackson-module-parameter-names-2.15.3.jar:/Users/christopher.crabbe2/.m2/repository/org/springframework/boot/spring-boot-starter-tomcat/3.1.5/spring-boot-starter-tomcat-3.1.5.jar:/Users/christopher.crabbe2/.m2/repository/org/apache/tomcat/embed/tomcat-embed-core/10.1.15/tomcat-embed-core-10.1.15.jar:/Users/christopher.crabbe2/.m2/repository/org/apache/tomcat/embed/tomcat-embed-el/10.1.15/tomcat-embed-el-10.1.15.jar:/Users/christopher.crabbe2/.m2/repository/org/apache/tomcat/embed/tomcat-embed-websocket/10.1.15/tomcat-embed-websocket-10.1.15.jar:/Users/christopher.crabbe2/.m2/repository/org/springframework/spring-web/6.0.13/spring-web-6.0.13.jar:/Users/christopher.crabbe2/.m2/repository/org/springframework/spring-beans/6.0.13/spring-beans-6.0.13.jar:/Users/christopher.crabbe2/.m2/repository/io/micrometer/micrometer-observation/1.11.5/micrometer-observation-1.11.5.jar:/Users/christopher.crabbe2/.m2/repository/io/micrometer/micrometer-commons/1.11.5/micrometer-commons-1.11.5.jar:/Users/christopher.crabbe2/.m2/repository/org/springframework/spring-webmvc/6.0.13/spring-webmvc-6.0.13.jar:/Users/christopher.crabbe2/.m2/repository/org/springframework/spring-aop/6.0.13/spring-aop-6.0.13.jar:/Users/christopher.crabbe2/.m2/repository/org/springframework/spring-context/6.0.13/spring-context-6.0.13.jar:/Users/christopher.crabbe2/.m2/repository/org/springframework/spring-expression/6.0.13/spring-expression-6.0.13.jar:/Users/christopher.crabbe2/.m2/repository/org/springframework/boot/spring-boot-starter-test/3.1.5/spring-boot-starter-test-3.1.5.jar:/Users/christopher.crabbe2/.m2/repository/org/springframework/boot/spring-boot-test/3.1.5/spring-boot-test-3.1.5.jar:/Users/christopher.crabbe2/.m2/repository/org/springframework/boot/spring-boot-test-autoconfigure/3.1.5/spring-boot-test-autoconfigure-3.1.5.jar:/Users/christopher.crabbe2/.m2/repository/com/jayway/jsonpath/json-path/2.8.0/json-path-2.8.0.jar:/Users/christopher.crabbe2/.m2/repository/jakarta/xml/bind/jakarta.xml.bind-api/4.0.1/jakarta.xml.bind-api-4.0.1.jar:/Users/christopher.crabbe2/.m2/repository/jakarta/activation/jakarta.activation-api/2.1.2/jakarta.activation-api-2.1.2.jar:/Users/christopher.crabbe2/.m2/repository/net/minidev/json-smart/2.4.11/json-smart-2.4.11.jar:/Users/christopher.crabbe2/.m2/repository/net/minidev/accessors-smart/2.4.11/accessors-smart-2.4.11.jar:/Users/christopher.crabbe2/.m2/repository/org/junit/jupiter/junit-jupiter/5.9.3/junit-jupiter-5.9.3.jar:/Users/christopher.crabbe2/.m2/repository/org/junit/jupiter/junit-jupiter-api/5.9.3/junit-jupiter-api-5.9.3.jar:/Users/christopher.crabbe2/.m2/repository/org/opentest4j/opentest4j/1.2.0/opentest4j-1.2.0.jar:/Users/christopher.crabbe2/.m2/repository/org/junit/platform/junit-platform-commons/1.9.3/junit-platform-commons-1.9.3.jar:/Users/christopher.crabbe2/.m2/repository/org/apiguardian/apiguardian-api/1.1.2/apiguardian-api-1.1.2.jar:/Users/christopher.crabbe2/.m2/repository/org/junit/jupiter/junit-jupiter-params/5.9.3/junit-jupiter-params-5.9.3.jar:/Users/christopher.crabbe2/.m2/repository/org/junit/jupiter/junit-jupiter-engine/5.9.3/junit-jupiter-engine-5.9.3.jar:/Users/christopher.crabbe2/.m2/repository/org/junit/platform/junit-platform-engine/1.9.3/junit-platform-engine-1.9.3.jar:/Users/christopher.crabbe2/.m2/repository/org/mockito/mockito-core/5.3.1/mockito-core-5.3.1.jar:/Users/christopher.crabbe2/.m2/repository/net/bytebuddy/byte-buddy-agent/1.14.9/byte-buddy-agent-1.14.9.jar:/Users/christopher.crabbe2/.m2/repository/org/objenesis/objenesis/3.3/objenesis-3.3.jar:/Users/christopher.crabbe2/.m2/repository/org/mockito/mockito-junit-jupiter/5.3.1/mockito-junit-jupiter-5.3.1.jar:/Users/christopher.crabbe2/.m2/repository/org/skyscreamer/jsonassert/1.5.1/jsonassert-1.5.1.jar:/Users/christopher.crabbe2/.m2/repository/com/vaadin/external/google/android-json/0.0.20131108.vaadin1/android-json-0.0.20131108.vaadin1.jar:/Users/christopher.crabbe2/.m2/repository/org/springframework/spring-core/6.0.13/spring-core-6.0.13.jar:/Users/christopher.crabbe2/.m2/repository/org/springframework/spring-jcl/6.0.13/spring-jcl-6.0.13.jar:/Users/christopher.crabbe2/.m2/repository/org/springframework/spring-test/6.0.13/spring-test-6.0.13.jar:/Users/christopher.crabbe2/.m2/repository/org/xmlunit/xmlunit-core/2.9.1/xmlunit-core-2.9.1.jar:/Users/christopher.crabbe2/.m2/repository/io/rest-assured/spring-mock-mvc/3.0.0/spring-mock-mvc-3.0.0.jar:/Users/christopher.crabbe2/.m2/repository/io/rest-assured/rest-assured/5.3.2/rest-assured-5.3.2.jar:/Users/christopher.crabbe2/.m2/repository/org/apache/groovy/groovy/4.0.15/groovy-4.0.15.jar:/Users/christopher.crabbe2/.m2/repository/org/apache/groovy/groovy-xml/4.0.15/groovy-xml-4.0.15.jar:/Users/christopher.crabbe2/.m2/repository/org/apache/httpcomponents/httpclient/4.5.13/httpclient-4.5.13.jar:/Users/christopher.crabbe2/.m2/repository/org/apache/httpcomponents/httpcore/4.4.16/httpcore-4.4.16.jar:/Users/christopher.crabbe2/.m2/repository/commons-logging/commons-logging/1.2/commons-logging-1.2.jar:/Users/christopher.crabbe2/.m2/repository/commons-codec/commons-codec/1.15/commons-codec-1.15.jar:/Users/christopher.crabbe2/.m2/repository/org/apache/httpcomponents/httpmime/4.5.13/httpmime-4.5.13.jar:/Users/christopher.crabbe2/.m2/repository/org/ccil/cowan/tagsoup/tagsoup/1.2.1/tagsoup-1.2.1.jar:/Users/christopher.crabbe2/.m2/repository/io/rest-assured/json-path/5.3.2/json-path-5.3.2.jar:/Users/christopher.crabbe2/.m2/repository/org/apache/groovy/groovy-json/4.0.15/groovy-json-4.0.15.jar:/Users/christopher.crabbe2/.m2/repository/io/rest-assured/rest-assured-common/5.3.2/rest-assured-common-5.3.2.jar:/Users/christopher.crabbe2/.m2/repository/io/rest-assured/xml-path/5.3.2/xml-path-5.3.2.jar:/Users/christopher.crabbe2/.m2/repository/org/wiremock/wiremock/3.3.1/wiremock-3.3.1.jar:/Users/christopher.crabbe2/.m2/repository/org/eclipse/jetty/jetty-server/11.0.17/jetty-server-11.0.17.jar:/Users/christopher.crabbe2/.m2/repository/org/eclipse/jetty/toolchain/jetty-jakarta-servlet-api/5.0.2/jetty-jakarta-servlet-api-5.0.2.jar:/Users/christopher.crabbe2/.m2/repository/org/eclipse/jetty/jetty-http/11.0.17/jetty-http-11.0.17.jar:/Users/christopher.crabbe2/.m2/repository/org/eclipse/jetty/jetty-io/11.0.17/jetty-io-11.0.17.jar:/Users/christopher.crabbe2/.m2/repository/org/eclipse/jetty/jetty-servlet/11.0.17/jetty-servlet-11.0.17.jar:/Users/christopher.crabbe2/.m2/repository/org/eclipse/jetty/jetty-security/11.0.17/jetty-security-11.0.17.jar:/Users/christopher.crabbe2/.m2/repository/org/eclipse/jetty/jetty-servlets/11.0.17/jetty-servlets-11.0.17.jar:/Users/christopher.crabbe2/.m2/repository/org/eclipse/jetty/jetty-util/11.0.17/jetty-util-11.0.17.jar:/Users/christopher.crabbe2/.m2/repository/org/eclipse/jetty/jetty-webapp/11.0.17/jetty-webapp-11.0.17.jar:/Users/christopher.crabbe2/.m2/repository/org/eclipse/jetty/jetty-xml/11.0.17/jetty-xml-11.0.17.jar:/Users/christopher.crabbe2/.m2/repository/org/eclipse/jetty/jetty-proxy/11.0.17/jetty-proxy-11.0.17.jar:/Users/christopher.crabbe2/.m2/repository/org/eclipse/jetty/jetty-client/11.0.17/jetty-client-11.0.17.jar:/Users/christopher.crabbe2/.m2/repository/org/eclipse/jetty/http2/http2-server/11.0.17/http2-server-11.0.17.jar:/Users/christopher.crabbe2/.m2/repository/org/eclipse/jetty/http2/http2-common/11.0.17/http2-common-11.0.17.jar:/Users/christopher.crabbe2/.m2/repository/org/eclipse/jetty/http2/http2-hpack/11.0.17/http2-hpack-11.0.17.jar:/Users/christopher.crabbe2/.m2/repository/org/eclipse/jetty/jetty-alpn-server/11.0.17/jetty-alpn-server-11.0.17.jar:/Users/christopher.crabbe2/.m2/repository/org/eclipse/jetty/jetty-alpn-java-server/11.0.17/jetty-alpn-java-server-11.0.17.jar:/Users/christopher.crabbe2/.m2/repository/org/eclipse/jetty/jetty-alpn-java-client/11.0.17/jetty-alpn-java-client-11.0.17.jar:/Users/christopher.crabbe2/.m2/repository/org/eclipse/jetty/jetty-alpn-client/11.0.17/jetty-alpn-client-11.0.17.jar:/Users/christopher.crabbe2/.m2/repository/com/google/guava/guava/32.1.3-jre/guava-32.1.3-jre.jar:/Users/christopher.crabbe2/.m2/repository/com/google/guava/failureaccess/1.0.1/failureaccess-1.0.1.jar:/Users/christopher.crabbe2/.m2/repository/com/google/guava/listenablefuture/9999.0-empty-to-avoid-conflict-with-guava/listenablefuture-9999.0-empty-to-avoid-conflict-with-guava.jar:/Users/christopher.crabbe2/.m2/repository/org/checkerframework/checker-qual/3.37.0/checker-qual-3.37.0.jar:/Users/christopher.crabbe2/.m2/repository/com/google/errorprone/error_prone_annotations/2.21.1/error_prone_annotations-2.21.1.jar:/Users/christopher.crabbe2/.m2/repository/com/google/j2objc/j2objc-annotations/2.8/j2objc-annotations-2.8.jar:/Users/christopher.crabbe2/.m2/repository/com/fasterxml/jackson/core/jackson-core/2.15.3/jackson-core-2.15.3.jar:/Users/christopher.crabbe2/.m2/repository/com/fasterxml/jackson/core/jackson-annotations/2.15.3/jackson-annotations-2.15.3.jar:/Users/christopher.crabbe2/.m2/repository/com/fasterxml/jackson/datatype/jackson-datatype-jsr310/2.15.3/jackson-datatype-jsr310-2.15.3.jar:/Users/christopher.crabbe2/.m2/repository/org/apache/httpcomponents/client5/httpclient5/5.2.1/httpclient5-5.2.1.jar:/Users/christopher.crabbe2/.m2/repository/org/apache/httpcomponents/core5/httpcore5/5.2.3/httpcore5-5.2.3.jar:/Users/christopher.crabbe2/.m2/repository/org/apache/httpcomponents/core5/httpcore5-h2/5.2.3/httpcore5-h2-5.2.3.jar:/Users/christopher.crabbe2/.m2/repository/org/xmlunit/xmlunit-legacy/2.9.1/xmlunit-legacy-2.9.1.jar:/Users/christopher.crabbe2/.m2/repository/org/xmlunit/xmlunit-placeholders/2.9.1/xmlunit-placeholders-2.9.1.jar:/Users/christopher.crabbe2/.m2/repository/net/javacrumbs/json-unit/json-unit-core/2.38.0/json-unit-core-2.38.0.jar:/Users/christopher.crabbe2/.m2/repository/org/hamcrest/hamcrest-core/2.2/hamcrest-core-2.2.jar:/Users/christopher.crabbe2/.m2/repository/org/ow2/asm/asm/9.6/asm-9.6.jar:/Users/christopher.crabbe2/.m2/repository/net/sf/jopt-simple/jopt-simple/5.0.4/jopt-simple-5.0.4.jar:/Users/christopher.crabbe2/.m2/repository/org/apache/commons/commons-lang3/3.12.0/commons-lang3-3.12.0.jar:/Users/christopher.crabbe2/.m2/repository/com/github/jknack/handlebars/4.3.1/handlebars-4.3.1.jar:/Users/christopher.crabbe2/.m2/repository/com/github/jknack/handlebars-helpers/4.3.1/handlebars-helpers-4.3.1.jar:/Users/christopher.crabbe2/.m2/repository/commons-fileupload/commons-fileupload/1.5/commons-fileupload-1.5.jar:/Users/christopher.crabbe2/.m2/repository/commons-io/commons-io/2.15.0/commons-io-2.15.0.jar:/Users/christopher.crabbe2/.m2/repository/com/networknt/json-schema-validator/1.0.87/json-schema-validator-1.0.87.jar:/Users/christopher.crabbe2/.m2/repository/com/ethlo/time/itu/1.7.0/itu-1.7.0.jar:/Users/christopher.crabbe2/.m2/repository/com/fasterxml/jackson/dataformat/jackson-dataformat-yaml/2.15.3/jackson-dataformat-yaml-2.15.3.jar:/Users/christopher.crabbe2/.m2/repository/org/slf4j/slf4j-api/2.0.9/slf4j-api-2.0.9.jar:/Users/christopher.crabbe2/.m2/repository/org/assertj/assertj-core/3.24.2/assertj-core-3.24.2.jar:/Users/christopher.crabbe2/.m2/repository/net/bytebuddy/byte-buddy/1.14.9/byte-buddy-1.14.9.jar:/Users/christopher.crabbe2/.m2/repository/org/springframework/boot/spring-boot-devtools/3.1.5/spring-boot-devtools-3.1.5.jar:/Users/christopher.crabbe2/.m2/repository/org/springframework/boot/spring-boot/3.1.5/spring-boot-3.1.5.jar:/Users/christopher.crabbe2/.m2/repository/org/springframework/boot/spring-boot-autoconfigure/3.1.5/spring-boot-autoconfigure-3.1.5.jar:/Users/christopher.crabbe2/.m2/repository/com/fasterxml/jackson/core/jackson-databind/2.16.0/jackson-databind-2.16.0.jar:/Users/christopher.crabbe2/.m2/repository/org/hamcrest/hamcrest/2.2/hamcrest-2.2.jar:/Users/christopher.crabbe2/.m2/repository/com/google/code/gson/gson/2.9.1/gson-2.9.1.jar:/Users/christopher.crabbe2/.m2/repository/org/springframework/boot/spring-boot-starter-thymeleaf/3.1.5/spring-boot-starter-thymeleaf-3.1.5.jar:/Users/christopher.crabbe2/.m2/repository/org/thymeleaf/thymeleaf-spring6/3.1.2.RELEASE/thymeleaf-spring6-3.1.2.RELEASE.jar:/Users/christopher.crabbe2/.m2/repository/org/thymeleaf/thymeleaf/3.1.2.RELEASE/thymeleaf-3.1.2.RELEASE.jar:/Users/christopher.crabbe2/.m2/repository/org/attoparser/attoparser/2.0.7.RELEASE/attoparser-2.0.7.RELEASE.jar:/Users/christopher.crabbe2/.m2/repository/org/unbescape/unbescape/1.1.6.RELEASE/unbescape-1.1.6.RELEASE.jar:"/>
    <property name="sun.cpu.endian" value="little"/>
    <property name="user.home" value="/Users/christopher.crabbe2"/>
    <property name="user.language" value="en"/>
    <property name="java.specification.vendor" value="Oracle Corporation"/>
    <property name="java.version.date" value="2023-10-17"/>
    <property name="java.home" value="/Users/christopher.crabbe2/Library/Java/JavaVirtualMachines/openjdk-21.0.1/Contents/Home"/>
    <property name="file.separator" value="/"/>
    <property name="basedir" value="/Users/christopher.crabbe2/Desktop/TheBotProject/BOT Exchange Project/Bot Exchange Project"/>
    <property name="java.vm.compressedOopsMode" value="Zero based"/>
    <property name="line.separator" value="&#10;"/>
    <property name="java.vm.specification.vendor" value="Oracle Corporation"/>
    <property name="java.specification.name" value="Java Platform API Specification"/>
    <property name="FILE_LOG_CHARSET" value="UTF-8"/>
    <property name="java.awt.headless" value="true"/>
    <property name="apple.awt.application.name" value="ForkedBooter"/>
    <property name="surefire.real.class.path" value="/Users/christopher.crabbe2/Desktop/TheBotProject/BOT Exchange Project/Bot Exchange Project/target/surefire/surefirebooter-20240209094508661_3.jar"/>
    <property name="sun.management.compiler" value="HotSpot 64-Bit Tiered Compilers"/>
    <property name="java.runtime.version" value="21.0.1+12-29"/>
    <property name="user.name" value="christopher.crabbe2"/>
    <property name="stdout.encoding" value="UTF-8"/>
    <property name="path.separator" value=":"/>
    <property name="os.version" value="14.2.1"/>
    <property name="java.runtime.name" value="OpenJDK Runtime Environment"/>
    <property name="file.encoding" value="UTF-8"/>
    <property name="java.vm.name" value="OpenJDK 64-Bit Server VM"/>
    <property name="localRepository" value="/Users/christopher.crabbe2/.m2/repository"/>
    <property name="java.vendor.url.bug" value="https://bugreport.java.com/bugreport/"/>
    <property name="java.io.tmpdir" value="/var/folders/_d/8pc81y4939n42htgxxm3l4gw0000gq/T/"/>
    <property name="idea.version" value="2023.2.3"/>
    <property name="java.version" value="21.0.1"/>
    <property name="user.dir" value="/Users/christopher.crabbe2/Desktop/TheBotProject/BOT Exchange Project/Bot Exchange Project"/>
    <property name="os.arch" value="aarch64"/>
    <property name="java.vm.specification.name" value="Java Virtual Machine Specification"/>
    <property name="PID" value="74704"/>
    <property name="CONSOLE_LOG_CHARSET" value="UTF-8"/>
    <property name="native.encoding" value="UTF-8"/>
    <property name="java.library.path" value="/Users/christopher.crabbe2/Library/Java/Extensions:/Library/Java/Extensions:/Network/Library/Java/Extensions:/System/Library/Java/Extensions:/usr/lib/java:."/>
    <property name="java.vm.info" value="mixed mode, sharing"/>
    <property name="stderr.encoding" value="UTF-8"/>
    <property name="java.vendor" value="Oracle Corporation"/>
    <property name="java.vm.version" value="21.0.1+12-29"/>
    <property name="sun.io.unicode.encoding" value="UnicodeBig"/>
    <property name="java.class.version" value="65.0"/>
  </properties>
  <testcase name="contextLoads" classname="com.example.botexchangeproject.BotExchangeProjectApplicationTests" time="0.398">
    <system-out><![CDATA[09:45:08.994 [main] INFO org.springframework.test.context.support.AnnotationConfigContextLoaderUtils -- Could not detect default configuration classes for test class [com.example.botexchangeproject.BotExchangeProjectApplicationTests]: BotExchangeProjectApplicationTests does not declare any static, non-private, non-final, nested classes annotated with @Configuration.
09:45:09.033 [main] INFO org.springframework.boot.test.context.SpringBootTestContextBootstrapper -- Found @SpringBootConfiguration com.example.botexchangeproject.BotExchangeProjectApplication for test class com.example.botexchangeproject.BotExchangeProjectApplicationTests
09:45:09.081 [main] INFO org.springframework.boot.devtools.restart.RestartApplicationListener -- Restart disabled due to context in which it is running

  .   ____          _            __ _ _
 /\\ / ___'_ __ _ _(_)_ __  __ _ \ \ \ \
( ( )\___ | '_ | '_| | '_ \/ _` | \ \ \ \
 \\/  ___)| |_)| | | | | || (_| |  ) ) ) )
  '  |____| .__|_| |_|_| |_\__, | / / / /
 =========|_|==============|___/=/_/_/_/
 :: Spring Boot ::                (v3.1.5)

2024-02-09T09:45:09.168Z  INFO 74704 --- [           main] c.e.b.BotExchangeProjectApplicationTests : Starting BotExchangeProjectApplicationTests using Java 21.0.1 with PID 74704 (started by christopher.crabbe2 in /Users/christopher.crabbe2/Desktop/TheBotProject/BOT Exchange Project/Bot Exchange Project)
2024-02-09T09:45:09.169Z  INFO 74704 --- [           main] c.e.b.BotExchangeProjectApplicationTests : No active profile set, falling back to 1 default profile: "default"
2024-02-09T09:45:09.578Z  INFO 74704 --- [           main] o.s.b.a.w.s.WelcomePageHandlerMapping    : Adding welcome page template: index
2024-02-09T09:45:09.642Z  INFO 74704 --- [           main] c.e.b.BotExchangeProjectApplicationTests : Started BotExchangeProjectApplicationTests in 0.564 seconds (process running for 0.93)
]]></system-out>
    <system-err><![CDATA[WARNING: A Java agent has been loaded dynamically (/Users/christopher.crabbe2/.m2/repository/net/bytebuddy/byte-buddy-agent/1.14.9/byte-buddy-agent-1.14.9.jar)
WARNING: If a serviceability tool is in use, please run with -XX:+EnableDynamicAgentLoading to hide this warning
WARNING: If a serviceability tool is not in use, please run with -Djdk.instrument.traceUsage for more information
WARNING: Dynamic loading of agents will be disallowed by default in a future release
]]></system-err>
  </testcase>
</testsuite>